2022-01-04 12:39:57 [scrapy.utils.log] INFO: Scrapy 2.5.0 started (bot: artworks)
2022-01-04 12:39:57 [scrapy.utils.log] INFO: Versions: lxml 4.7.1.0, libxml2 2.9.12, cssselect 1.1.0, parsel 1.6.0, w3lib 1.22.0, Twisted 21.7.0, Python 3.6.15 (default, Sep 10 2021, 00:26:58) - [GCC 9.3.0], pyOpenSSL 21.0.0 (OpenSSL 1.1.1m  14 Dec 2021), cryptography 36.0.1, Platform Linux-5.4.0-91-generic-x86_64-with-Ubuntu-20.04-focal
2022-01-04 12:39:57 [scrapy.utils.log] DEBUG: Using reactor: twisted.internet.epollreactor.EPollReactor
2022-01-04 12:39:57 [scrapy.crawler] INFO: Overridden settings:
{'BOT_NAME': 'artworks',
 'LOG_FILE': 'logs/artworks/dice_jobs/824ebfe26d3111ecb10ee78f8916ae9d.log',
 'NEWSPIDER_MODULE': 'artworks.spiders',
 'SPIDER_MODULES': ['artworks.spiders']}
2022-01-04 12:39:57 [scrapy.extensions.telnet] INFO: Telnet Password: f69bc5bc177daa93
2022-01-04 12:39:57 [scrapy.middleware] INFO: Enabled extensions:
['scrapy.extensions.corestats.CoreStats',
 'scrapy.extensions.telnet.TelnetConsole',
 'scrapy.extensions.memusage.MemoryUsage',
 'scrapy.extensions.logstats.LogStats']
2022-01-04 12:39:58 [selenium.webdriver.remote.remote_connection] DEBUG: POST http://127.0.0.1:39997/session {"capabilities": {"firstMatch": [{}], "alwaysMatch": {"browserName": "chrome", "platformName": "any", "goog:chromeOptions": {"prefs": {"profile.default_content_setting_values.notifications": 1}, "extensions": [], "args": ["--disable-infobars", "start-maximized", "--disable-extensions", "--headless"]}}}, "desiredCapabilities": {"browserName": "chrome", "version": "", "platform": "ANY", "goog:chromeOptions": {"prefs": {"profile.default_content_setting_values.notifications": 1}, "extensions": [], "args": ["--disable-infobars", "start-maximized", "--disable-extensions", "--headless"]}}}
2022-01-04 12:39:58 [urllib3.connectionpool] DEBUG: Starting new HTTP connection (1): 127.0.0.1:39997
2022-01-04 12:39:58 [urllib3.connectionpool] DEBUG: http://127.0.0.1:39997 "POST /session HTTP/1.1" 200 751
2022-01-04 12:39:58 [selenium.webdriver.remote.remote_connection] DEBUG: Finished Request
2022-01-04 12:39:59 [scrapy.middleware] INFO: Enabled downloader middlewares:
['scrapy.downloadermiddlewares.httpauth.HttpAuthMiddleware',
 'scrapy.downloadermiddlewares.downloadtimeout.DownloadTimeoutMiddleware',
 'scrapy.downloadermiddlewares.defaultheaders.DefaultHeadersMiddleware',
 'scrapy.downloadermiddlewares.useragent.UserAgentMiddleware',
 'scrapy.downloadermiddlewares.retry.RetryMiddleware',
 'scrapy.downloadermiddlewares.redirect.MetaRefreshMiddleware',
 'scrapy.downloadermiddlewares.httpcompression.HttpCompressionMiddleware',
 'scrapy.downloadermiddlewares.redirect.RedirectMiddleware',
 'scrapy.downloadermiddlewares.cookies.CookiesMiddleware',
 'scrapy.downloadermiddlewares.httpproxy.HttpProxyMiddleware',
 'scrapy.downloadermiddlewares.stats.DownloaderStats']
2022-01-04 12:39:59 [scrapy.middleware] INFO: Enabled spider middlewares:
['scrapy.spidermiddlewares.httperror.HttpErrorMiddleware',
 'scrapy.spidermiddlewares.offsite.OffsiteMiddleware',
 'scrapy.spidermiddlewares.referer.RefererMiddleware',
 'scrapy.spidermiddlewares.urllength.UrlLengthMiddleware',
 'scrapy.spidermiddlewares.depth.DepthMiddleware']
2022-01-04 12:39:59 [scrapy.middleware] INFO: Enabled item pipelines:
['artworks.pipelines.ArtworksPipeline']
2022-01-04 12:39:59 [scrapy.core.engine] INFO: Spider opened
2022-01-04 12:39:59 [scrapy.extensions.logstats] INFO: Crawled 0 pages (at 0 pages/min), scraped 0 items (at 0 items/min)
2022-01-04 12:39:59 [scrapy.extensions.telnet] INFO: Telnet console listening on 127.0.0.1:6025
2022-01-04 12:40:00 [scrapy.core.engine] DEBUG: Crawled (200) <GET https://www.dice.com/jobs?q=data%20analyst&location=fort%20lauderdale> (referer: None)
2022-01-04 12:40:00 [scrapy.core.engine] DEBUG: Crawled (200) <GET https://www.dice.com/jobs?q=data%20analyst&location=fort%20lauderdale&page=28&pageSize=50> (referer: https://www.dice.com/jobs?q=data%20analyst&location=fort%20lauderdale)
2022-01-04 12:40:02 [selenium.webdriver.remote.remote_connection] DEBUG: POST http://127.0.0.1:48513/session {"capabilities": {"firstMatch": [{}], "alwaysMatch": {"browserName": "chrome", "platformName": "any", "goog:chromeOptions": {"prefs": {"profile.default_content_setting_values.notifications": 1}, "extensions": [], "args": ["--disable-infobars", "start-maximized", "--disable-extensions", "--headless"]}}}, "desiredCapabilities": {"browserName": "chrome", "version": "", "platform": "ANY", "goog:chromeOptions": {"prefs": {"profile.default_content_setting_values.notifications": 1}, "extensions": [], "args": ["--disable-infobars", "start-maximized", "--disable-extensions", "--headless"]}}}
2022-01-04 12:40:02 [urllib3.connectionpool] DEBUG: Starting new HTTP connection (1): 127.0.0.1:48513
2022-01-04 12:40:07 [urllib3.connectionpool] DEBUG: http://127.0.0.1:48513 "POST /session HTTP/1.1" 200 751
2022-01-04 12:40:07 [selenium.webdriver.remote.remote_connection] DEBUG: Finished Request
2022-01-04 12:40:07 [selenium.webdriver.remote.remote_connection] DEBUG: POST http://127.0.0.1:48513/session/dc82bc632037de7988ff0d35e6d07819/url {"url": "https://www.dice.com/jobs?q=data%20analyst&location=fort%20lauderdale&page=28&pageSize=50"}
2022-01-04 12:41:02 [urllib3.connectionpool] DEBUG: http://127.0.0.1:48513 "POST /session/dc82bc632037de7988ff0d35e6d07819/url HTTP/1.1" 200 14
2022-01-04 12:41:02 [selenium.webdriver.remote.remote_connection] DEBUG: Finished Request
2022-01-04 12:41:02 [selenium.webdriver.remote.remote_connection] DEBUG: GET http://127.0.0.1:48513/session/dc82bc632037de7988ff0d35e6d07819/url {}
2022-01-04 12:41:04 [urllib3.connectionpool] DEBUG: http://127.0.0.1:48513 "GET /session/dc82bc632037de7988ff0d35e6d07819/url HTTP/1.1" 200 101
2022-01-04 12:41:04 [selenium.webdriver.remote.remote_connection] DEBUG: Finished Request
2022-01-04 12:41:04 [selenium.webdriver.remote.remote_connection] DEBUG: GET http://127.0.0.1:48513/session/dc82bc632037de7988ff0d35e6d07819/source {}
2022-01-04 12:41:05 [urllib3.connectionpool] DEBUG: http://127.0.0.1:48513 "GET /session/dc82bc632037de7988ff0d35e6d07819/source HTTP/1.1" 200 105985
2022-01-04 12:41:05 [selenium.webdriver.remote.remote_connection] DEBUG: Finished Request
2022-01-04 12:41:05 [selenium.webdriver.remote.remote_connection] DEBUG: POST http://127.0.0.1:48513/session/dc82bc632037de7988ff0d35e6d07819/timeouts {"implicit": 60000}
2022-01-04 12:41:05 [urllib3.connectionpool] DEBUG: http://127.0.0.1:48513 "POST /session/dc82bc632037de7988ff0d35e6d07819/timeouts HTTP/1.1" 200 14
2022-01-04 12:41:05 [selenium.webdriver.remote.remote_connection] DEBUG: Finished Request
2022-01-04 12:41:05 [scrapy.core.engine] DEBUG: Crawled (200) <GET https://www.dice.com/jobs?q=data%20analyst&location=fort%20lauderdale&page=20&pageSize=50> (referer: https://www.dice.com/jobs?q=data%20analyst&location=fort%20lauderdale)
2022-01-04 12:41:06 [scrapy.extensions.logstats] INFO: Crawled 3 pages (at 3 pages/min), scraped 0 items (at 0 items/min)
2022-01-04 12:41:08 [selenium.webdriver.remote.remote_connection] DEBUG: POST http://127.0.0.1:55713/session {"capabilities": {"firstMatch": [{}], "alwaysMatch": {"browserName": "chrome", "platformName": "any", "goog:chromeOptions": {"prefs": {"profile.default_content_setting_values.notifications": 1}, "extensions": [], "args": ["--disable-infobars", "start-maximized", "--disable-extensions", "--headless"]}}}, "desiredCapabilities": {"browserName": "chrome", "version": "", "platform": "ANY", "goog:chromeOptions": {"prefs": {"profile.default_content_setting_values.notifications": 1}, "extensions": [], "args": ["--disable-infobars", "start-maximized", "--disable-extensions", "--headless"]}}}
2022-01-04 12:41:09 [urllib3.connectionpool] DEBUG: Starting new HTTP connection (1): 127.0.0.1:55713
2022-01-04 12:42:25 [urllib3.connectionpool] DEBUG: http://127.0.0.1:55713 "POST /session HTTP/1.1" 500 736
2022-01-04 12:42:25 [selenium.webdriver.remote.remote_connection] DEBUG: Finished Request
2022-01-04 12:42:36 [scrapy.core.scraper] ERROR: Spider error processing <GET https://www.dice.com/jobs?q=data%20analyst&location=fort%20lauderdale&page=20&pageSize=50> (referer: https://www.dice.com/jobs?q=data%20analyst&location=fort%20lauderdale)
Traceback (most recent call last):
  File "/home/omparkash/other_projects/job-scrapers/venv/lib/python3.6/site-packages/scrapy/utils/defer.py", line 120, in iter_errback
    yield next(it)
  File "/home/omparkash/other_projects/job-scrapers/venv/lib/python3.6/site-packages/scrapy/utils/python.py", line 353, in __next__
    return next(self.data)
  File "/home/omparkash/other_projects/job-scrapers/venv/lib/python3.6/site-packages/scrapy/utils/python.py", line 353, in __next__
    return next(self.data)
  File "/home/omparkash/other_projects/job-scrapers/venv/lib/python3.6/site-packages/scrapy/core/spidermw.py", line 56, in _evaluate_iterable
    for r in iterable:
  File "/home/omparkash/other_projects/job-scrapers/venv/lib/python3.6/site-packages/scrapy/spidermiddlewares/offsite.py", line 29, in process_spider_output
    for x in result:
  File "/home/omparkash/other_projects/job-scrapers/venv/lib/python3.6/site-packages/scrapy/core/spidermw.py", line 56, in _evaluate_iterable
    for r in iterable:
  File "/home/omparkash/other_projects/job-scrapers/venv/lib/python3.6/site-packages/scrapy/spidermiddlewares/referer.py", line 342, in <genexpr>
    return (_set_referer(r) for r in result or ())
  File "/home/omparkash/other_projects/job-scrapers/venv/lib/python3.6/site-packages/scrapy/core/spidermw.py", line 56, in _evaluate_iterable
    for r in iterable:
  File "/home/omparkash/other_projects/job-scrapers/venv/lib/python3.6/site-packages/scrapy/spidermiddlewares/urllength.py", line 40, in <genexpr>
    return (r for r in result or () if _filter(r))
  File "/home/omparkash/other_projects/job-scrapers/venv/lib/python3.6/site-packages/scrapy/core/spidermw.py", line 56, in _evaluate_iterable
    for r in iterable:
  File "/home/omparkash/other_projects/job-scrapers/venv/lib/python3.6/site-packages/scrapy/spidermiddlewares/depth.py", line 58, in <genexpr>
    return (r for r in result or () if _filter(r))
  File "/home/omparkash/other_projects/job-scrapers/venv/lib/python3.6/site-packages/scrapy/core/spidermw.py", line 56, in _evaluate_iterable
    for r in iterable:
  File "/tmp/artworks-1641273996-81cevgeg.egg/artworks/spiders/dice_scrapper.py", line 52, in parse_page
    self.driver = webdriver.Chrome(chrome_options=self.option,executable_path="./chromedriver")
  File "/home/omparkash/other_projects/job-scrapers/venv/lib/python3.6/site-packages/selenium/webdriver/chrome/webdriver.py", line 81, in __init__
    desired_capabilities=desired_capabilities)
  File "/home/omparkash/other_projects/job-scrapers/venv/lib/python3.6/site-packages/selenium/webdriver/remote/webdriver.py", line 157, in __init__
    self.start_session(capabilities, browser_profile)
  File "/home/omparkash/other_projects/job-scrapers/venv/lib/python3.6/site-packages/selenium/webdriver/remote/webdriver.py", line 252, in start_session
    response = self.execute(Command.NEW_SESSION, parameters)
  File "/home/omparkash/other_projects/job-scrapers/venv/lib/python3.6/site-packages/selenium/webdriver/remote/webdriver.py", line 321, in execute
    self.error_handler.check_response(response)
  File "/home/omparkash/other_projects/job-scrapers/venv/lib/python3.6/site-packages/selenium/webdriver/remote/errorhandler.py", line 242, in check_response
    raise exception_class(message, screen, stacktrace)
selenium.common.exceptions.WebDriverException: Message: unknown error: DevToolsActivePort file doesn't exist

2022-01-04 12:42:43 [scrapy.core.engine] DEBUG: Crawled (200) <GET https://www.dice.com/jobs?q=data%20analyst&location=fort%20lauderdale&page=19&pageSize=50> (referer: https://www.dice.com/jobs?q=data%20analyst&location=fort%20lauderdale)
2022-01-04 12:42:44 [scrapy.core.engine] DEBUG: Crawled (200) <GET https://www.dice.com/jobs?q=data%20analyst&location=fort%20lauderdale&page=22&pageSize=50> (referer: https://www.dice.com/jobs?q=data%20analyst&location=fort%20lauderdale)
2022-01-04 12:42:45 [scrapy.core.engine] DEBUG: Crawled (200) <GET https://www.dice.com/jobs?q=data%20analyst&location=fort%20lauderdale&page=25&pageSize=50> (referer: https://www.dice.com/jobs?q=data%20analyst&location=fort%20lauderdale)
2022-01-04 12:42:45 [scrapy.extensions.logstats] INFO: Crawled 6 pages (at 3 pages/min), scraped 0 items (at 0 items/min)
2022-01-04 12:42:47 [scrapy.downloadermiddlewares.retry] DEBUG: Retrying <GET https://www.dice.com/jobs?q=data%20analyst&location=fort%20lauderdale&page=23&pageSize=50> (failed 1 times): [<twisted.python.failure.Failure twisted.internet.error.ConnectionDone: Connection was closed cleanly.>]
2022-01-04 12:42:47 [scrapy.downloadermiddlewares.retry] DEBUG: Retrying <GET https://www.dice.com/jobs?q=data%20analyst&location=fort%20lauderdale&page=21&pageSize=50> (failed 1 times): [<twisted.python.failure.Failure twisted.internet.error.ConnectionDone: Connection was closed cleanly.>]
2022-01-04 12:42:47 [scrapy.downloadermiddlewares.retry] DEBUG: Retrying <GET https://www.dice.com/jobs?q=data%20analyst&location=fort%20lauderdale&page=26&pageSize=50> (failed 1 times): [<twisted.python.failure.Failure twisted.internet.error.ConnectionDone: Connection was closed cleanly.>]
2022-01-04 12:42:47 [scrapy.downloadermiddlewares.retry] DEBUG: Retrying <GET https://www.dice.com/jobs?q=data%20analyst&location=fort%20lauderdale&page=24&pageSize=50> (failed 1 times): [<twisted.python.failure.Failure twisted.internet.error.ConnectionDone: Connection was closed cleanly.>]
2022-01-04 12:42:47 [scrapy.downloadermiddlewares.retry] DEBUG: Retrying <GET https://www.dice.com/jobs?q=data%20analyst&location=fort%20lauderdale&page=27&pageSize=50> (failed 1 times): [<twisted.python.failure.Failure twisted.internet.error.ConnectionDone: Connection was closed cleanly.>]
2022-01-04 12:42:50 [selenium.webdriver.remote.remote_connection] DEBUG: POST http://127.0.0.1:44861/session {"capabilities": {"firstMatch": [{}], "alwaysMatch": {"browserName": "chrome", "platformName": "any", "goog:chromeOptions": {"prefs": {"profile.default_content_setting_values.notifications": 1}, "extensions": [], "args": ["--disable-infobars", "start-maximized", "--disable-extensions", "--headless"]}}}, "desiredCapabilities": {"browserName": "chrome", "version": "", "platform": "ANY", "goog:chromeOptions": {"prefs": {"profile.default_content_setting_values.notifications": 1}, "extensions": [], "args": ["--disable-infobars", "start-maximized", "--disable-extensions", "--headless"]}}}
2022-01-04 12:42:50 [urllib3.connectionpool] DEBUG: Starting new HTTP connection (1): 127.0.0.1:44861
